<?xml version="1.0" encoding="UTF-8"?>
<testng-results ignored="0" total="1" passed="1" failed="0" skipped="0">
  <reporter-output>
  </reporter-output>
  <suite started-at="2024-12-05T11:28:12 IST" name="Suite" finished-at="2024-12-05T11:28:21 IST" duration-ms="8575">
    <groups>
    </groups>
    <test started-at="2024-12-05T11:28:12 IST" name="Test2" finished-at="2024-12-05T11:28:12 IST" duration-ms="12">
    </test> <!-- Test2 -->
    <test started-at="2024-12-05T11:28:12 IST" name="Test" finished-at="2024-12-05T11:28:21 IST" duration-ms="8575">
      <class name="testCases.TC004_DownloadPDF">
        <test-method is-config="true" signature="openApp(java.lang.String)[pri:0, instance:testCases.TC004_DownloadPDF@55141def]" started-at="2024-12-05T11:28:12 IST" name="openApp" finished-at="2024-12-05T11:28:18 IST" duration-ms="5692" status="PASS">
          <params>
            <param index="0">
              <value>
                <![CDATA[chrome]]>
              </value>
            </param>
          </params>
          <reporter-output>
          </reporter-output>
        </test-method> <!-- openApp -->
        <test-method signature="performDownlOAd()[pri:0, instance:testCases.TC004_DownloadPDF@55141def]" started-at="2024-12-05T11:28:18 IST" name="performDownlOAd" finished-at="2024-12-05T11:28:21 IST" duration-ms="2788" status="PASS">
          <reporter-output>
          </reporter-output>
        </test-method> <!-- performDownlOAd -->
      </class> <!-- testCases.TC004_DownloadPDF -->
    </test> <!-- Test -->
  </suite> <!-- Suite -->
</testng-results>
